<?xml version="1.0" encoding="UTF-8"?>
<!-- Generated by org.testng.reporters.JUnitReportReporter -->
<testsuite hostname="DESKTOP-9MQ8FLB" failures="0" tests="6" name="cucumber.Options.TestRunner" time="7.910" errors="0" timestamp="2023-07-25T23:50:02 AEST" skipped="0">
  <testcase classname="cucumber.Options.TestRunner" name="runScenario" time="0.926"/>
  <system-out/>
  <testcase classname="cucumber.Options.TestRunner" name="runScenario" time="0.935"/>
  <system-out/>
  <testcase classname="cucumber.Options.TestRunner" name="runScenario" time="3.248"/>
  <system-out/>
  <testcase classname="cucumber.Options.TestRunner" name="runScenario" time="0.911"/>
  <system-out/>
  <testcase classname="cucumber.Options.TestRunner" name="runScenario" time="0.939"/>
  <system-out/>
  <testcase classname="cucumber.Options.TestRunner" name="runScenario" time="0.951"/>
  <system-out/>
</testsuite> <!-- cucumber.Options.TestRunner -->
